<?xml version="1.0" encoding="UTF-8"?>
<!-- Generated by org.testng.reporters.JUnitXMLReporter -->
<testsuite hostname="YP1001035DT" name="Barter Test Suit" tests="1" failures="1" timestamp="8 Jun 2016 10:07:00 GMT" time="31.454" errors="0">
  <testcase name="Approvalstatus_rejected" time="4.035" classname="com.yash.bartersuite.Testcase.SalesPlan.Testcase_SP">
    <failure type="org.openqa.selenium.NoSuchElementException" message="Unable to locate element: {&amp;quot;method&amp;quot;:&amp;quot;xpath&amp;quot;,&amp;quot;selector&amp;quot;:&amp;quot;//input[@ng-model=&amp;apos;search&amp;apos;]&amp;quot;}
Command duration or timeout: 24 milliseconds
For documentation on this error, please visit: http://seleniumhq.org/exceptions/no_such_element.html
Build info: version: &amp;apos;2.52.0&amp;apos;, revision: &amp;apos;4c2593cfc3689a7fcd7be52549167e5ccc93ad28&amp;apos;, time: &amp;apos;2016-02-11 11:22:43&amp;apos;
System info: host: &amp;apos;YP1001035DT&amp;apos;, ip: &amp;apos;10.8.100.152&amp;apos;, os.name: &amp;apos;Windows 7&amp;apos;, os.arch: &amp;apos;amd64&amp;apos;, os.version: &amp;apos;6.1&amp;apos;, java.version: &amp;apos;1.7.0_21&amp;apos;
*** Element info: {Using=xpath, value=//input[@ng-model=&amp;apos;search&amp;apos;]}
Session ID: 01b024a4-dc46-4178-aad9-e2de821ca26f
Driver info: org.openqa.selenium.firefox.FirefoxDriver
Capabilities [{platform=WINDOWS, acceptSslCerts=true, javascriptEnabled=true, cssSelectorsEnabled=true, databaseEnabled=true, browserName=firefox, handlesAlerts=true, nativeEvents=false, webStorageEnabled=true, rotatable=false, locationContextEnabled=true, applicationCacheEnabled=true, takesScreenshot=true, version=35.0.1}]">
      <![CDATA[org.openqa.selenium.NoSuchElementException: Unable to locate element: {"method":"xpath","selector":"//input[@ng-model='search']"}
Command duration or timeout: 24 milliseconds
For documentation on this error, please visit: http://seleniumhq.org/exceptions/no_such_element.html
Build info: version: '2.52.0', revision: '4c2593cfc3689a7fcd7be52549167e5ccc93ad28', time: '2016-02-11 11:22:43'
System info: host: 'YP1001035DT', ip: '10.8.100.152', os.name: 'Windows 7', os.arch: 'amd64', os.version: '6.1', java.version: '1.7.0_21'
*** Element info: {Using=xpath, value=//input[@ng-model='search']}
Session ID: 01b024a4-dc46-4178-aad9-e2de821ca26f
Driver info: org.openqa.selenium.firefox.FirefoxDriver
Capabilities [{platform=WINDOWS, acceptSslCerts=true, javascriptEnabled=true, cssSelectorsEnabled=true, databaseEnabled=true, browserName=firefox, handlesAlerts=true, nativeEvents=false, webStorageEnabled=true, rotatable=false, locationContextEnabled=true, applicationCacheEnabled=true, takesScreenshot=true, version=35.0.1}]
	at org.openqa.selenium.remote.ErrorHandler.createThrowable(ErrorHandler.java:206)
	at org.openqa.selenium.remote.ErrorHandler.throwIfResponseFailed(ErrorHandler.java:158)
	at org.openqa.selenium.remote.RemoteWebDriver.execute(RemoteWebDriver.java:678)
	at org.openqa.selenium.remote.RemoteWebDriver.findElement(RemoteWebDriver.java:363)
	at org.openqa.selenium.remote.RemoteWebDriver.findElementByXPath(RemoteWebDriver.java:500)
	at org.openqa.selenium.By$ByXPath.findElement(By.java:361)
	at org.openqa.selenium.remote.RemoteWebDriver.findElement(RemoteWebDriver.java:355)
	at com.yash.bartersuite.POM.Salesplan.pageobjects_Salesplan1.search_box(pageobjects_Salesplan1.java:16)
	at com.yash.bartersuite.TestAction.Salesplan.SP_Rejected.approve_process(SP_Rejected.java:21)
	at com.yash.bartersuite.Testcase.SalesPlan.Testcase_SP.Approvalstatus_rejected(Testcase_SP.java:132)
	at com.yash.bartersuite.CustomProperties.XML.XMLRead(XML.java:317)
	at com.yash.bartersuite.CustomProperties.Main.main(Main.java:13)
Caused by: org.openqa.selenium.NoSuchElementException: Unable to locate element: {"method":"xpath","selector":"//input[@ng-model='search']"}
For documentation on this error, please visit: http://seleniumhq.org/exceptions/no_such_element.html
Build info: version: '2.52.0', revision: '4c2593cfc3689a7fcd7be52549167e5ccc93ad28', time: '2016-02-11 11:22:43'
System info: host: 'YP1001035DT', ip: '10.8.100.152', os.name: 'Windows 7', os.arch: 'amd64', os.version: '6.1', java.version: '1.7.0_21'
Driver info: driver.version: unknown
	at <anonymous class>.FirefoxDriver.prototype.findElementInternal_(file:///C:/Users/ARCHAN~1.GAI/AppData/Local/Temp/anonymous8167858767285347065webdriver-profile/extensions/fxdriver@googlecode.com/components/driver-component.js:10723)
	at <anonymous class>.FirefoxDriver.prototype.findElement(file:///C:/Users/ARCHAN~1.GAI/AppData/Local/Temp/anonymous8167858767285347065webdriver-profile/extensions/fxdriver@googlecode.com/components/driver-component.js:10732)
	at <anonymous class>.DelayedCommand.prototype.executeInternal_/h(file:///C:/Users/ARCHAN~1.GAI/AppData/Local/Temp/anonymous8167858767285347065webdriver-profile/extensions/fxdriver@googlecode.com/components/command-processor.js:12614)
	at <anonymous class>.DelayedCommand.prototype.executeInternal_(file:///C:/Users/ARCHAN~1.GAI/AppData/Local/Temp/anonymous8167858767285347065webdriver-profile/extensions/fxdriver@googlecode.com/components/command-processor.js:12619)
	at <anonymous class>.DelayedCommand.prototype.execute/<(file:///C:/Users/ARCHAN~1.GAI/AppData/Local/Temp/anonymous8167858767285347065webdriver-profile/extensions/fxdriver@googlecode.com/components/command-processor.js:12561)
... Removed 26 stack frames]]>
    </failure>
  </testcase> <!-- Approvalstatus_rejected -->
</testsuite> <!-- Barter Test Suit -->
