<?xml version="1.0" encoding="UTF-8"?>
<!-- Generated by org.testng.reporters.JUnitXMLReporter -->
<testsuite hostname="YP1004764DT" name="Login_UI_Fields_Validation" tests="11" failures="3" timestamp="7 Mar 2016 05:32:39 GMT" time="132.224" errors="0">
  <testcase name="LoginUsernameValidation" time="9.355" classname="com.yash.bartersuite.Testcase.Login.TestCase_Login_UI_Fields_validation"/>
  <testcase name="LoginPasswordValidation" time="7.413" classname="com.yash.bartersuite.Testcase.Login.TestCase_Login_UI_Fields_validation"/>
  <testcase name="LoginLanguageValidation" time="7.576" classname="com.yash.bartersuite.Testcase.Login.TestCase_Login_UI_Fields_validation"/>
  <testcase name="testLogin" time="13.739" classname="com.yash.bartersuite.Testcase.Login.Login_TC"/>
  <testcase name="testLogin" time="12.321" classname="com.yash.bartersuite.Testcase.Login.Login_TC"/>
  <testcase name="testLogin" time="12.399" classname="com.yash.bartersuite.Testcase.Login.Login_TC"/>
  <testcase name="testLogin" time="12.342" classname="com.yash.bartersuite.Testcase.Login.Login_TC"/>
  <testcase name="Logout" time="0.531" classname="com.yash.bartersuite.Testcase.Login.Login_TC">
    <failure type="org.openqa.selenium.ElementNotVisibleException" message="element not visible
  (Session info: chrome=48.0.2564.116)
  (Driver info: chromedriver=2.19.346078 (6f1f0cde889532d48ce8242342d0b84f94b114a1),platform=Windows NT 6.1 SP1 x86_64) (WARNING: The server did not provide any stacktrace information)
Command duration or timeout: 227 milliseconds
Build info: version: &amp;apos;2.48.2&amp;apos;, revision: &amp;apos;41bccdd10cf2c0560f637404c2d96164b67d9d67&amp;apos;, time: &amp;apos;2015-10-09 13:08:06&amp;apos;
System info: host: &amp;apos;YP1004764DT&amp;apos;, ip: &amp;apos;10.8.100.64&amp;apos;, os.name: &amp;apos;Windows 7&amp;apos;, os.arch: &amp;apos;amd64&amp;apos;, os.version: &amp;apos;6.1&amp;apos;, java.version: &amp;apos;1.8.0_31&amp;apos;
Driver info: org.openqa.selenium.chrome.ChromeDriver
Capabilities [{applicationCacheEnabled=false, rotatable=false, mobileEmulationEnabled=false, chrome={userDataDir=C:\Users\KAPIL~1.MAN\AppData\Local\Temp\scoped_dir6120_22535}, takesHeapSnapshot=true, databaseEnabled=false, handlesAlerts=true, hasTouchScreen=false, version=48.0.2564.116, platform=XP, browserConnectionEnabled=false, nativeEvents=true, acceptSslCerts=true, locationContextEnabled=true, webStorageEnabled=true, browserName=chrome, takesScreenshot=true, javascriptEnabled=true, cssSelectorsEnabled=true}]
Session ID: c173e433551f6ce5d45480c9fd36023e">
      <![CDATA[org.openqa.selenium.ElementNotVisibleException: element not visible
  (Session info: chrome=48.0.2564.116)
  (Driver info: chromedriver=2.19.346078 (6f1f0cde889532d48ce8242342d0b84f94b114a1),platform=Windows NT 6.1 SP1 x86_64) (WARNING: The server did not provide any stacktrace information)
Command duration or timeout: 227 milliseconds
Build info: version: '2.48.2', revision: '41bccdd10cf2c0560f637404c2d96164b67d9d67', time: '2015-10-09 13:08:06'
System info: host: 'YP1004764DT', ip: '10.8.100.64', os.name: 'Windows 7', os.arch: 'amd64', os.version: '6.1', java.version: '1.8.0_31'
Driver info: org.openqa.selenium.chrome.ChromeDriver
Capabilities [{applicationCacheEnabled=false, rotatable=false, mobileEmulationEnabled=false, chrome={userDataDir=C:\Users\KAPIL~1.MAN\AppData\Local\Temp\scoped_dir6120_22535}, takesHeapSnapshot=true, databaseEnabled=false, handlesAlerts=true, hasTouchScreen=false, version=48.0.2564.116, platform=XP, browserConnectionEnabled=false, nativeEvents=true, acceptSslCerts=true, locationContextEnabled=true, webStorageEnabled=true, browserName=chrome, takesScreenshot=true, javascriptEnabled=true, cssSelectorsEnabled=true}]
Session ID: c173e433551f6ce5d45480c9fd36023e
	at org.openqa.selenium.remote.ErrorHandler.createThrowable(ErrorHandler.java:206)
	at org.openqa.selenium.remote.ErrorHandler.throwIfResponseFailed(ErrorHandler.java:158)
	at org.openqa.selenium.remote.RemoteWebDriver.execute(RemoteWebDriver.java:647)
	at org.openqa.selenium.remote.RemoteWebElement.execute(RemoteWebElement.java:326)
	at org.openqa.selenium.remote.RemoteWebElement.click(RemoteWebElement.java:84)
	at com.yash.bartersuite.Testcase.Login.Login_TC.Logout(Login_TC.java:99)
	at com.yash.bartersuite.CustomProperties.XML.XMLRead(XML.java:306)
	at com.yash.bartersuite.CustomProperties.Main.main(Main.java:15)
... Removed 25 stack frames]]>
    </failure>
  </testcase> <!-- Logout -->
  <testcase name="Add_SalesOrderCustomerValidation" time="2.065" classname="com.yash.bartersuite.Testcase.Salesorder.Testcase03_AddSalesOrderCustomer"/>
  <testcase name="Add_SalesOrderCustomerFileUpload" time="6.002" classname="com.yash.bartersuite.Testcase.Salesorder.Testcase03_AddSalesOrderCustomer">
    <failure type="org.openqa.selenium.remote.SessionNotFoundException" message="no such session
  (Driver info: chromedriver=2.19.346078 (6f1f0cde889532d48ce8242342d0b84f94b114a1),platform=Windows NT 6.1 SP1 x86_64) (WARNING: The server did not provide any stacktrace information)
Command duration or timeout: 0 milliseconds
Build info: version: &amp;apos;2.48.2&amp;apos;, revision: &amp;apos;41bccdd10cf2c0560f637404c2d96164b67d9d67&amp;apos;, time: &amp;apos;2015-10-09 13:08:06&amp;apos;
System info: host: &amp;apos;YP1004764DT&amp;apos;, ip: &amp;apos;10.8.100.64&amp;apos;, os.name: &amp;apos;Windows 7&amp;apos;, os.arch: &amp;apos;amd64&amp;apos;, os.version: &amp;apos;6.1&amp;apos;, java.version: &amp;apos;1.8.0_31&amp;apos;
Driver info: org.openqa.selenium.chrome.ChromeDriver
Capabilities [{applicationCacheEnabled=false, rotatable=false, mobileEmulationEnabled=false, chrome={userDataDir=C:\Users\KAPIL~1.MAN\AppData\Local\Temp\scoped_dir6120_22535}, takesHeapSnapshot=true, databaseEnabled=false, handlesAlerts=true, hasTouchScreen=false, version=48.0.2564.116, platform=XP, browserConnectionEnabled=false, nativeEvents=true, acceptSslCerts=true, locationContextEnabled=true, webStorageEnabled=true, browserName=chrome, takesScreenshot=true, javascriptEnabled=true, cssSelectorsEnabled=true}]
Session ID: c173e433551f6ce5d45480c9fd36023e
*** Element info: {Using=xpath, value=.//*[@id=&amp;apos;fileTable&amp;apos;]/tbody/tr/td[1]/input}">
      <![CDATA[org.openqa.selenium.remote.SessionNotFoundException: no such session
  (Driver info: chromedriver=2.19.346078 (6f1f0cde889532d48ce8242342d0b84f94b114a1),platform=Windows NT 6.1 SP1 x86_64) (WARNING: The server did not provide any stacktrace information)
Command duration or timeout: 0 milliseconds
Build info: version: '2.48.2', revision: '41bccdd10cf2c0560f637404c2d96164b67d9d67', time: '2015-10-09 13:08:06'
System info: host: 'YP1004764DT', ip: '10.8.100.64', os.name: 'Windows 7', os.arch: 'amd64', os.version: '6.1', java.version: '1.8.0_31'
Driver info: org.openqa.selenium.chrome.ChromeDriver
Capabilities [{applicationCacheEnabled=false, rotatable=false, mobileEmulationEnabled=false, chrome={userDataDir=C:\Users\KAPIL~1.MAN\AppData\Local\Temp\scoped_dir6120_22535}, takesHeapSnapshot=true, databaseEnabled=false, handlesAlerts=true, hasTouchScreen=false, version=48.0.2564.116, platform=XP, browserConnectionEnabled=false, nativeEvents=true, acceptSslCerts=true, locationContextEnabled=true, webStorageEnabled=true, browserName=chrome, takesScreenshot=true, javascriptEnabled=true, cssSelectorsEnabled=true}]
Session ID: c173e433551f6ce5d45480c9fd36023e
*** Element info: {Using=xpath, value=.//*[@id='fileTable']/tbody/tr/td[1]/input}
	at org.openqa.selenium.remote.ErrorHandler.createThrowable(ErrorHandler.java:206)
	at org.openqa.selenium.remote.ErrorHandler.throwIfResponseFailed(ErrorHandler.java:164)
	at org.openqa.selenium.remote.RemoteWebDriver.execute(RemoteWebDriver.java:647)
	at org.openqa.selenium.remote.RemoteWebDriver.findElement(RemoteWebDriver.java:353)
	at org.openqa.selenium.remote.RemoteWebDriver.findElementByXPath(RemoteWebDriver.java:490)
	at org.openqa.selenium.By$ByXPath.findElement(By.java:361)
	at org.openqa.selenium.remote.RemoteWebDriver.findElement(RemoteWebDriver.java:345)
	at com.yash.bartersuite.POM.Salesorder.pageobjects_Salesorder.btn_Browsefileupload(pageobjects_Salesorder.java:184)
	at com.yash.bartersuite.TestAction.Salesorder.Action_AddSalesOrderCustomer.UploadFile(Action_AddSalesOrderCustomer.java:613)
	at com.yash.bartersuite.Testcase.Salesorder.Testcase03_AddSalesOrderCustomer.Add_SalesOrderCustomerFileUpload(Testcase03_AddSalesOrderCustomer.java:37)
	at com.yash.bartersuite.CustomProperties.XML.XMLRead(XML.java:306)
	at com.yash.bartersuite.CustomProperties.Main.main(Main.java:15)
... Removed 25 stack frames]]>
    </failure>
  </testcase> <!-- Add_SalesOrderCustomerFileUpload -->
  <testcase name="Add_SalesOrderCustomerCancel" time="4.012" classname="com.yash.bartersuite.Testcase.Salesorder.Testcase03_AddSalesOrderCustomer">
    <failure type="org.openqa.selenium.remote.SessionNotFoundException" message="no such session
  (Driver info: chromedriver=2.19.346078 (6f1f0cde889532d48ce8242342d0b84f94b114a1),platform=Windows NT 6.1 SP1 x86_64) (WARNING: The server did not provide any stacktrace information)
Command duration or timeout: 10 milliseconds
Build info: version: &amp;apos;2.48.2&amp;apos;, revision: &amp;apos;41bccdd10cf2c0560f637404c2d96164b67d9d67&amp;apos;, time: &amp;apos;2015-10-09 13:08:06&amp;apos;
System info: host: &amp;apos;YP1004764DT&amp;apos;, ip: &amp;apos;10.8.100.64&amp;apos;, os.name: &amp;apos;Windows 7&amp;apos;, os.arch: &amp;apos;amd64&amp;apos;, os.version: &amp;apos;6.1&amp;apos;, java.version: &amp;apos;1.8.0_31&amp;apos;
Driver info: org.openqa.selenium.chrome.ChromeDriver
Capabilities [{applicationCacheEnabled=false, rotatable=false, mobileEmulationEnabled=false, chrome={userDataDir=C:\Users\KAPIL~1.MAN\AppData\Local\Temp\scoped_dir6120_22535}, takesHeapSnapshot=true, databaseEnabled=false, handlesAlerts=true, hasTouchScreen=false, version=48.0.2564.116, platform=XP, browserConnectionEnabled=false, nativeEvents=true, acceptSslCerts=true, locationContextEnabled=true, webStorageEnabled=true, browserName=chrome, takesScreenshot=true, javascriptEnabled=true, cssSelectorsEnabled=true}]
Session ID: c173e433551f6ce5d45480c9fd36023e
*** Element info: {Using=xpath, value=html/body/div[1]/div/div/div[3]/div/div[9]/div/button[2]}">
      <![CDATA[org.openqa.selenium.remote.SessionNotFoundException: no such session
  (Driver info: chromedriver=2.19.346078 (6f1f0cde889532d48ce8242342d0b84f94b114a1),platform=Windows NT 6.1 SP1 x86_64) (WARNING: The server did not provide any stacktrace information)
Command duration or timeout: 10 milliseconds
Build info: version: '2.48.2', revision: '41bccdd10cf2c0560f637404c2d96164b67d9d67', time: '2015-10-09 13:08:06'
System info: host: 'YP1004764DT', ip: '10.8.100.64', os.name: 'Windows 7', os.arch: 'amd64', os.version: '6.1', java.version: '1.8.0_31'
Driver info: org.openqa.selenium.chrome.ChromeDriver
Capabilities [{applicationCacheEnabled=false, rotatable=false, mobileEmulationEnabled=false, chrome={userDataDir=C:\Users\KAPIL~1.MAN\AppData\Local\Temp\scoped_dir6120_22535}, takesHeapSnapshot=true, databaseEnabled=false, handlesAlerts=true, hasTouchScreen=false, version=48.0.2564.116, platform=XP, browserConnectionEnabled=false, nativeEvents=true, acceptSslCerts=true, locationContextEnabled=true, webStorageEnabled=true, browserName=chrome, takesScreenshot=true, javascriptEnabled=true, cssSelectorsEnabled=true}]
Session ID: c173e433551f6ce5d45480c9fd36023e
*** Element info: {Using=xpath, value=html/body/div[1]/div/div/div[3]/div/div[9]/div/button[2]}
	at org.openqa.selenium.remote.ErrorHandler.createThrowable(ErrorHandler.java:206)
	at org.openqa.selenium.remote.ErrorHandler.throwIfResponseFailed(ErrorHandler.java:164)
	at org.openqa.selenium.remote.RemoteWebDriver.execute(RemoteWebDriver.java:647)
	at org.openqa.selenium.remote.RemoteWebDriver.findElement(RemoteWebDriver.java:353)
	at org.openqa.selenium.remote.RemoteWebDriver.findElementByXPath(RemoteWebDriver.java:490)
	at org.openqa.selenium.By$ByXPath.findElement(By.java:361)
	at org.openqa.selenium.remote.RemoteWebDriver.findElement(RemoteWebDriver.java:345)
	at com.yash.bartersuite.CustomProperties.CommonObjects.btn_Cancel(CommonObjects.java:245)
	at com.yash.bartersuite.TestAction.Salesorder.Action_AddSalesOrderCustomer.check_Cancel(Action_AddSalesOrderCustomer.java:677)
	at com.yash.bartersuite.Testcase.Salesorder.Testcase03_AddSalesOrderCustomer.Add_SalesOrderCustomerCancel(Testcase03_AddSalesOrderCustomer.java:46)
	at com.yash.bartersuite.CustomProperties.XML.XMLRead(XML.java:306)
	at com.yash.bartersuite.CustomProperties.Main.main(Main.java:15)
... Removed 25 stack frames]]>
    </failure>
  </testcase> <!-- Add_SalesOrderCustomerCancel -->
</testsuite> <!-- Login_UI_Fields_Validation -->
