<html>
<head>
<title>TestNG:  Login_UI_Fields_Validation</title>
<link href="../testng.css" rel="stylesheet" type="text/css" />
<link href="../my-testng.css" rel="stylesheet" type="text/css" />

<style type="text/css">
.log { display: none;} 
.stack-trace { display: none;} 
</style>
<script type="text/javascript">
<!--
function flip(e) {
  current = e.style.display;
  if (current == 'block') {
    e.style.display = 'none';
    return 0;
  }
  else {
    e.style.display = 'block';
    return 1;
  }
}

function toggleBox(szDivId, elem, msg1, msg2)
{
  var res = -1;  if (document.getElementById) {
    res = flip(document.getElementById(szDivId));
  }
  else if (document.all) {
    // this is the way old msie versions work
    res = flip(document.all[szDivId]);
  }
  if(elem) {
    if(res == 0) elem.innerHTML = msg1; else elem.innerHTML = msg2;
  }

}

function toggleAllBoxes() {
  if (document.getElementsByTagName) {
    d = document.getElementsByTagName('div');
    for (i = 0; i < d.length; i++) {
      if (d[i].className == 'log') {
        flip(d[i]);
      }
    }
  }
}

// -->
</script>

</head>
<body>
<h2 align='center'>Login_UI_Fields_Validation</h2><table border='1' align="center">
<tr>
<td>Tests passed/Failed/Skipped:</td><td>8/3/0</td>
</tr><tr>
<td>Started on:</td><td>Mon Mar 07 11:00:27 IST 2016</td>
</tr>
<tr><td>Total time:</td><td>132 seconds (132224 ms)</td>
</tr><tr>
<td>Included groups:</td><td></td>
</tr><tr>
<td>Excluded groups:</td><td></td>
</tr>
</table><p/>
<small><i>(Hover the method name to see the test class name)</i></small><p/>
<table width='100%' border='1' class='invocation-failed'>
<tr><td colspan='4' align='center'><b>FAILED TESTS</b></td></tr>
<tr><td><b>Test method</b></td>
<td width="30%"><b>Exception</b></td>
<td width="10%"><b>Time (seconds)</b></td>
<td><b>Instance</b></td>
</tr>
<tr>
<td title='com.yash.bartersuite.Testcase.Salesorder.Testcase03_AddSalesOrderCustomer.Add_SalesOrderCustomerCancel()'><b>Add_SalesOrderCustomerCancel</b><br>Test class: com.yash.bartersuite.Testcase.Salesorder.Testcase03_AddSalesOrderCustomer<br/>
<a href="#Output-523211332" onClick='toggleBox("Output-523211332", this, "Show output", "Hide output");'>Show output</a>

<a href="#Output-523211332" onClick="toggleAllBoxes();">Show all outputs</a>
<div class='log' id="Output-523211332">
<table border=1px; style= width:100%;color=#808080>   <tr> <th width=20%>Step Description</th> <th width=20%>Input Value</th> <th width=20%>Expected Value</th> <th width=20%>Actual Value</th> <th width=20%>Result</th></tr><br/>
</div>
</td>
<td><div><pre>org.openqa.selenium.remote.SessionNotFoundException: no such session
  (Driver info: chromedriver=2.19.346078 (6f1f0cde889532d48ce8242342d0b84f94b114a1),platform=Windows NT 6.1 SP1 x86_64) (WARNING: The server did not provide any stacktrace information)
Command duration or timeout: 10 milliseconds
Build info: version: &apos;2.48.2&apos;, revision: &apos;41bccdd10cf2c0560f637404c2d96164b67d9d67&apos;, time: &apos;2015-10-09 13:08:06&apos;
System info: host: &apos;YP1004764DT&apos;, ip: &apos;10.8.100.64&apos;, os.name: &apos;Windows 7&apos;, os.arch: &apos;amd64&apos;, os.version: &apos;6.1&apos;, java.version: &apos;1.8.0_31&apos;
Driver info: org.openqa.selenium.chrome.ChromeDriver
Capabilities [{applicationCacheEnabled=false, rotatable=false, mobileEmulationEnabled=false, chrome={userDataDir=C:\Users\KAPIL~1.MAN\AppData\Local\Temp\scoped_dir6120_22535}, takesHeapSnapshot=true, databaseEnabled=false, handlesAlerts=true, hasTouchScreen=false, version=48.0.2564.116, platform=XP, browserConnectionEnabled=false, nativeEvents=true, acceptSslCerts=true, locationContextEnabled=true, webStorageEnabled=true, browserName=chrome, takesScreenshot=true, javascriptEnabled=true, cssSelectorsEnabled=true}]
Session ID: c173e433551f6ce5d45480c9fd36023e
*** Element info: {Using=xpath, value=html/body/div[1]/div/div/div[3]/div/div[9]/div/button[2]}
	at org.openqa.selenium.remote.ErrorHandler.createThrowable(ErrorHandler.java:206)
	at org.openqa.selenium.remote.ErrorHandler.throwIfResponseFailed(ErrorHandler.java:164)
	at org.openqa.selenium.remote.RemoteWebDriver.execute(RemoteWebDriver.java:647)
	at org.openqa.selenium.remote.RemoteWebDriver.findElement(RemoteWebDriver.java:353)
	at org.openqa.selenium.remote.RemoteWebDriver.findElementByXPath(RemoteWebDriver.java:490)
	at org.openqa.selenium.By$ByXPath.findElement(By.java:361)
	at org.openqa.selenium.remote.RemoteWebDriver.findElement(RemoteWebDriver.java:345)
	at com.yash.bartersuite.CustomProperties.CommonObjects.btn_Cancel(CommonObjects.java:245)
	at com.yash.bartersuite.TestAction.Salesorder.Action_AddSalesOrderCustomer.check_Cancel(Action_AddSalesOrderCustomer.java:677)
	at com.yash.bartersuite.Testcase.Salesorder.Testcase03_AddSalesOrderCustomer.Add_SalesOrderCustomerCancel(Testcase03_AddSalesOrderCustomer.java:46)
	at com.yash.bartersuite.CustomProperties.XML.XMLRead(XML.java:306)
	at com.yash.bartersuite.CustomProperties.Main.main(Main.java:15)
... Removed 25 stack frames</pre></div><a href='#' onClick='toggleBox("stack-trace523211332", this, "Click to show all stack frames", "Click to hide stack frames")'>Click to show all stack frames</a>
<div class='stack-trace' id='stack-trace523211332'><pre>org.openqa.selenium.remote.SessionNotFoundException: no such session
  (Driver info: chromedriver=2.19.346078 (6f1f0cde889532d48ce8242342d0b84f94b114a1),platform=Windows NT 6.1 SP1 x86_64) (WARNING: The server did not provide any stacktrace information)
Command duration or timeout: 10 milliseconds
Build info: version: &apos;2.48.2&apos;, revision: &apos;41bccdd10cf2c0560f637404c2d96164b67d9d67&apos;, time: &apos;2015-10-09 13:08:06&apos;
System info: host: &apos;YP1004764DT&apos;, ip: &apos;10.8.100.64&apos;, os.name: &apos;Windows 7&apos;, os.arch: &apos;amd64&apos;, os.version: &apos;6.1&apos;, java.version: &apos;1.8.0_31&apos;
Driver info: org.openqa.selenium.chrome.ChromeDriver
Capabilities [{applicationCacheEnabled=false, rotatable=false, mobileEmulationEnabled=false, chrome={userDataDir=C:\Users\KAPIL~1.MAN\AppData\Local\Temp\scoped_dir6120_22535}, takesHeapSnapshot=true, databaseEnabled=false, handlesAlerts=true, hasTouchScreen=false, version=48.0.2564.116, platform=XP, browserConnectionEnabled=false, nativeEvents=true, acceptSslCerts=true, locationContextEnabled=true, webStorageEnabled=true, browserName=chrome, takesScreenshot=true, javascriptEnabled=true, cssSelectorsEnabled=true}]
Session ID: c173e433551f6ce5d45480c9fd36023e
*** Element info: {Using=xpath, value=html/body/div[1]/div/div/div[3]/div/div[9]/div/button[2]}
	at sun.reflect.NativeConstructorAccessorImpl.newInstance0(Native Method)
	at sun.reflect.NativeConstructorAccessorImpl.newInstance(Unknown Source)
	at sun.reflect.DelegatingConstructorAccessorImpl.newInstance(Unknown Source)
	at java.lang.reflect.Constructor.newInstance(Unknown Source)
	at org.openqa.selenium.remote.ErrorHandler.createThrowable(ErrorHandler.java:206)
	at org.openqa.selenium.remote.ErrorHandler.throwIfResponseFailed(ErrorHandler.java:164)
	at org.openqa.selenium.remote.RemoteWebDriver.execute(RemoteWebDriver.java:647)
	at org.openqa.selenium.remote.RemoteWebDriver.findElement(RemoteWebDriver.java:353)
	at org.openqa.selenium.remote.RemoteWebDriver.findElementByXPath(RemoteWebDriver.java:490)
	at org.openqa.selenium.By$ByXPath.findElement(By.java:361)
	at org.openqa.selenium.remote.RemoteWebDriver.findElement(RemoteWebDriver.java:345)
	at com.yash.bartersuite.CustomProperties.CommonObjects.btn_Cancel(CommonObjects.java:245)
	at com.yash.bartersuite.TestAction.Salesorder.Action_AddSalesOrderCustomer.check_Cancel(Action_AddSalesOrderCustomer.java:677)
	at com.yash.bartersuite.Testcase.Salesorder.Testcase03_AddSalesOrderCustomer.Add_SalesOrderCustomerCancel(Testcase03_AddSalesOrderCustomer.java:46)
	at sun.reflect.NativeMethodAccessorImpl.invoke0(Native Method)
	at sun.reflect.NativeMethodAccessorImpl.invoke(Unknown Source)
	at sun.reflect.DelegatingMethodAccessorImpl.invoke(Unknown Source)
	at java.lang.reflect.Method.invoke(Unknown Source)
	at org.testng.internal.MethodInvocationHelper.invokeMethod(MethodInvocationHelper.java:86)
	at org.testng.internal.Invoker.invokeMethod(Invoker.java:643)
	at org.testng.internal.Invoker.invokeTestMethod(Invoker.java:820)
	at org.testng.internal.Invoker.invokeTestMethods(Invoker.java:1128)
	at org.testng.internal.TestMethodWorker.invokeTestMethods(TestMethodWorker.java:129)
	at org.testng.internal.TestMethodWorker.run(TestMethodWorker.java:112)
	at org.testng.TestRunner.privateRun(TestRunner.java:782)
	at org.testng.TestRunner.run(TestRunner.java:632)
	at org.testng.SuiteRunner.runTest(SuiteRunner.java:366)
	at org.testng.SuiteRunner.runSequentially(SuiteRunner.java:361)
	at org.testng.SuiteRunner.privateRun(SuiteRunner.java:319)
	at org.testng.SuiteRunner.run(SuiteRunner.java:268)
	at org.testng.SuiteRunnerWorker.runSuite(SuiteRunnerWorker.java:52)
	at org.testng.SuiteRunnerWorker.run(SuiteRunnerWorker.java:86)
	at org.testng.TestNG.runSuitesSequentially(TestNG.java:1244)
	at org.testng.TestNG.runSuitesLocally(TestNG.java:1169)
	at org.testng.TestNG.run(TestNG.java:1064)
	at com.yash.bartersuite.CustomProperties.XML.XMLRead(XML.java:306)
	at com.yash.bartersuite.CustomProperties.Main.main(Main.java:15)
</pre></div></td>
<td>4</td>
<td>com.yash.bartersuite.Testcase.Salesorder.Testcase03_AddSalesOrderCustomer@865dd6</td></tr>
<tr>
<td title='com.yash.bartersuite.Testcase.Salesorder.Testcase03_AddSalesOrderCustomer.Add_SalesOrderCustomerFileUpload()'><b>Add_SalesOrderCustomerFileUpload</b><br>Test class: com.yash.bartersuite.Testcase.Salesorder.Testcase03_AddSalesOrderCustomer<br/>
<a href="#Output-2032909428" onClick='toggleBox("Output-2032909428", this, "Show output", "Hide output");'>Show output</a>

<a href="#Output-2032909428" onClick="toggleAllBoxes();">Show all outputs</a>
<div class='log' id="Output-2032909428">
<table border=1px; style= width:100%;color=#808080>   <tr> <th width=20%>Step Description</th> <th width=20%>Input Value</th> <th width=20%>Expected Value</th> <th width=20%>Actual Value</th> <th width=20%>Result</th></tr><br/>
</div>
</td>
<td><div><pre>org.openqa.selenium.remote.SessionNotFoundException: no such session
  (Driver info: chromedriver=2.19.346078 (6f1f0cde889532d48ce8242342d0b84f94b114a1),platform=Windows NT 6.1 SP1 x86_64) (WARNING: The server did not provide any stacktrace information)
Command duration or timeout: 0 milliseconds
Build info: version: &apos;2.48.2&apos;, revision: &apos;41bccdd10cf2c0560f637404c2d96164b67d9d67&apos;, time: &apos;2015-10-09 13:08:06&apos;
System info: host: &apos;YP1004764DT&apos;, ip: &apos;10.8.100.64&apos;, os.name: &apos;Windows 7&apos;, os.arch: &apos;amd64&apos;, os.version: &apos;6.1&apos;, java.version: &apos;1.8.0_31&apos;
Driver info: org.openqa.selenium.chrome.ChromeDriver
Capabilities [{applicationCacheEnabled=false, rotatable=false, mobileEmulationEnabled=false, chrome={userDataDir=C:\Users\KAPIL~1.MAN\AppData\Local\Temp\scoped_dir6120_22535}, takesHeapSnapshot=true, databaseEnabled=false, handlesAlerts=true, hasTouchScreen=false, version=48.0.2564.116, platform=XP, browserConnectionEnabled=false, nativeEvents=true, acceptSslCerts=true, locationContextEnabled=true, webStorageEnabled=true, browserName=chrome, takesScreenshot=true, javascriptEnabled=true, cssSelectorsEnabled=true}]
Session ID: c173e433551f6ce5d45480c9fd36023e
*** Element info: {Using=xpath, value=.//*[@id=&apos;fileTable&apos;]/tbody/tr/td[1]/input}
	at org.openqa.selenium.remote.ErrorHandler.createThrowable(ErrorHandler.java:206)
	at org.openqa.selenium.remote.ErrorHandler.throwIfResponseFailed(ErrorHandler.java:164)
	at org.openqa.selenium.remote.RemoteWebDriver.execute(RemoteWebDriver.java:647)
	at org.openqa.selenium.remote.RemoteWebDriver.findElement(RemoteWebDriver.java:353)
	at org.openqa.selenium.remote.RemoteWebDriver.findElementByXPath(RemoteWebDriver.java:490)
	at org.openqa.selenium.By$ByXPath.findElement(By.java:361)
	at org.openqa.selenium.remote.RemoteWebDriver.findElement(RemoteWebDriver.java:345)
	at com.yash.bartersuite.POM.Salesorder.pageobjects_Salesorder.btn_Browsefileupload(pageobjects_Salesorder.java:184)
	at com.yash.bartersuite.TestAction.Salesorder.Action_AddSalesOrderCustomer.UploadFile(Action_AddSalesOrderCustomer.java:613)
	at com.yash.bartersuite.Testcase.Salesorder.Testcase03_AddSalesOrderCustomer.Add_SalesOrderCustomerFileUpload(Testcase03_AddSalesOrderCustomer.java:37)
	at com.yash.bartersuite.CustomProperties.XML.XMLRead(XML.java:306)
	at com.yash.bartersuite.CustomProperties.Main.main(Main.java:15)
... Removed 25 stack frames</pre></div><a href='#' onClick='toggleBox("stack-trace2032909428", this, "Click to show all stack frames", "Click to hide stack frames")'>Click to show all stack frames</a>
<div class='stack-trace' id='stack-trace2032909428'><pre>org.openqa.selenium.remote.SessionNotFoundException: no such session
  (Driver info: chromedriver=2.19.346078 (6f1f0cde889532d48ce8242342d0b84f94b114a1),platform=Windows NT 6.1 SP1 x86_64) (WARNING: The server did not provide any stacktrace information)
Command duration or timeout: 0 milliseconds
Build info: version: &apos;2.48.2&apos;, revision: &apos;41bccdd10cf2c0560f637404c2d96164b67d9d67&apos;, time: &apos;2015-10-09 13:08:06&apos;
System info: host: &apos;YP1004764DT&apos;, ip: &apos;10.8.100.64&apos;, os.name: &apos;Windows 7&apos;, os.arch: &apos;amd64&apos;, os.version: &apos;6.1&apos;, java.version: &apos;1.8.0_31&apos;
Driver info: org.openqa.selenium.chrome.ChromeDriver
Capabilities [{applicationCacheEnabled=false, rotatable=false, mobileEmulationEnabled=false, chrome={userDataDir=C:\Users\KAPIL~1.MAN\AppData\Local\Temp\scoped_dir6120_22535}, takesHeapSnapshot=true, databaseEnabled=false, handlesAlerts=true, hasTouchScreen=false, version=48.0.2564.116, platform=XP, browserConnectionEnabled=false, nativeEvents=true, acceptSslCerts=true, locationContextEnabled=true, webStorageEnabled=true, browserName=chrome, takesScreenshot=true, javascriptEnabled=true, cssSelectorsEnabled=true}]
Session ID: c173e433551f6ce5d45480c9fd36023e
*** Element info: {Using=xpath, value=.//*[@id=&apos;fileTable&apos;]/tbody/tr/td[1]/input}
	at sun.reflect.NativeConstructorAccessorImpl.newInstance0(Native Method)
	at sun.reflect.NativeConstructorAccessorImpl.newInstance(Unknown Source)
	at sun.reflect.DelegatingConstructorAccessorImpl.newInstance(Unknown Source)
	at java.lang.reflect.Constructor.newInstance(Unknown Source)
	at org.openqa.selenium.remote.ErrorHandler.createThrowable(ErrorHandler.java:206)
	at org.openqa.selenium.remote.ErrorHandler.throwIfResponseFailed(ErrorHandler.java:164)
	at org.openqa.selenium.remote.RemoteWebDriver.execute(RemoteWebDriver.java:647)
	at org.openqa.selenium.remote.RemoteWebDriver.findElement(RemoteWebDriver.java:353)
	at org.openqa.selenium.remote.RemoteWebDriver.findElementByXPath(RemoteWebDriver.java:490)
	at org.openqa.selenium.By$ByXPath.findElement(By.java:361)
	at org.openqa.selenium.remote.RemoteWebDriver.findElement(RemoteWebDriver.java:345)
	at com.yash.bartersuite.POM.Salesorder.pageobjects_Salesorder.btn_Browsefileupload(pageobjects_Salesorder.java:184)
	at com.yash.bartersuite.TestAction.Salesorder.Action_AddSalesOrderCustomer.UploadFile(Action_AddSalesOrderCustomer.java:613)
	at com.yash.bartersuite.Testcase.Salesorder.Testcase03_AddSalesOrderCustomer.Add_SalesOrderCustomerFileUpload(Testcase03_AddSalesOrderCustomer.java:37)
	at sun.reflect.NativeMethodAccessorImpl.invoke0(Native Method)
	at sun.reflect.NativeMethodAccessorImpl.invoke(Unknown Source)
	at sun.reflect.DelegatingMethodAccessorImpl.invoke(Unknown Source)
	at java.lang.reflect.Method.invoke(Unknown Source)
	at org.testng.internal.MethodInvocationHelper.invokeMethod(MethodInvocationHelper.java:86)
	at org.testng.internal.Invoker.invokeMethod(Invoker.java:643)
	at org.testng.internal.Invoker.invokeTestMethod(Invoker.java:820)
	at org.testng.internal.Invoker.invokeTestMethods(Invoker.java:1128)
	at org.testng.internal.TestMethodWorker.invokeTestMethods(TestMethodWorker.java:129)
	at org.testng.internal.TestMethodWorker.run(TestMethodWorker.java:112)
	at org.testng.TestRunner.privateRun(TestRunner.java:782)
	at org.testng.TestRunner.run(TestRunner.java:632)
	at org.testng.SuiteRunner.runTest(SuiteRunner.java:366)
	at org.testng.SuiteRunner.runSequentially(SuiteRunner.java:361)
	at org.testng.SuiteRunner.privateRun(SuiteRunner.java:319)
	at org.testng.SuiteRunner.run(SuiteRunner.java:268)
	at org.testng.SuiteRunnerWorker.runSuite(SuiteRunnerWorker.java:52)
	at org.testng.SuiteRunnerWorker.run(SuiteRunnerWorker.java:86)
	at org.testng.TestNG.runSuitesSequentially(TestNG.java:1244)
	at org.testng.TestNG.runSuitesLocally(TestNG.java:1169)
	at org.testng.TestNG.run(TestNG.java:1064)
	at com.yash.bartersuite.CustomProperties.XML.XMLRead(XML.java:306)
	at com.yash.bartersuite.CustomProperties.Main.main(Main.java:15)
</pre></div></td>
<td>6</td>
<td>com.yash.bartersuite.Testcase.Salesorder.Testcase03_AddSalesOrderCustomer@865dd6</td></tr>
<tr>
<td title='com.yash.bartersuite.Testcase.Login.Login_TC.Logout()'><b>Logout</b><br>Test class: com.yash.bartersuite.Testcase.Login.Login_TC</td>
<td><div><pre>org.openqa.selenium.ElementNotVisibleException: element not visible
  (Session info: chrome=48.0.2564.116)
  (Driver info: chromedriver=2.19.346078 (6f1f0cde889532d48ce8242342d0b84f94b114a1),platform=Windows NT 6.1 SP1 x86_64) (WARNING: The server did not provide any stacktrace information)
Command duration or timeout: 227 milliseconds
Build info: version: &apos;2.48.2&apos;, revision: &apos;41bccdd10cf2c0560f637404c2d96164b67d9d67&apos;, time: &apos;2015-10-09 13:08:06&apos;
System info: host: &apos;YP1004764DT&apos;, ip: &apos;10.8.100.64&apos;, os.name: &apos;Windows 7&apos;, os.arch: &apos;amd64&apos;, os.version: &apos;6.1&apos;, java.version: &apos;1.8.0_31&apos;
Driver info: org.openqa.selenium.chrome.ChromeDriver
Capabilities [{applicationCacheEnabled=false, rotatable=false, mobileEmulationEnabled=false, chrome={userDataDir=C:\Users\KAPIL~1.MAN\AppData\Local\Temp\scoped_dir6120_22535}, takesHeapSnapshot=true, databaseEnabled=false, handlesAlerts=true, hasTouchScreen=false, version=48.0.2564.116, platform=XP, browserConnectionEnabled=false, nativeEvents=true, acceptSslCerts=true, locationContextEnabled=true, webStorageEnabled=true, browserName=chrome, takesScreenshot=true, javascriptEnabled=true, cssSelectorsEnabled=true}]
Session ID: c173e433551f6ce5d45480c9fd36023e
	at org.openqa.selenium.remote.ErrorHandler.createThrowable(ErrorHandler.java:206)
	at org.openqa.selenium.remote.ErrorHandler.throwIfResponseFailed(ErrorHandler.java:158)
	at org.openqa.selenium.remote.RemoteWebDriver.execute(RemoteWebDriver.java:647)
	at org.openqa.selenium.remote.RemoteWebElement.execute(RemoteWebElement.java:326)
	at org.openqa.selenium.remote.RemoteWebElement.click(RemoteWebElement.java:84)
	at com.yash.bartersuite.Testcase.Login.Login_TC.Logout(Login_TC.java:99)
	at com.yash.bartersuite.CustomProperties.XML.XMLRead(XML.java:306)
	at com.yash.bartersuite.CustomProperties.Main.main(Main.java:15)
... Removed 25 stack frames</pre></div><a href='#' onClick='toggleBox("stack-trace544966217", this, "Click to show all stack frames", "Click to hide stack frames")'>Click to show all stack frames</a>
<div class='stack-trace' id='stack-trace544966217'><pre>org.openqa.selenium.ElementNotVisibleException: element not visible
  (Session info: chrome=48.0.2564.116)
  (Driver info: chromedriver=2.19.346078 (6f1f0cde889532d48ce8242342d0b84f94b114a1),platform=Windows NT 6.1 SP1 x86_64) (WARNING: The server did not provide any stacktrace information)
Command duration or timeout: 227 milliseconds
Build info: version: &apos;2.48.2&apos;, revision: &apos;41bccdd10cf2c0560f637404c2d96164b67d9d67&apos;, time: &apos;2015-10-09 13:08:06&apos;
System info: host: &apos;YP1004764DT&apos;, ip: &apos;10.8.100.64&apos;, os.name: &apos;Windows 7&apos;, os.arch: &apos;amd64&apos;, os.version: &apos;6.1&apos;, java.version: &apos;1.8.0_31&apos;
Driver info: org.openqa.selenium.chrome.ChromeDriver
Capabilities [{applicationCacheEnabled=false, rotatable=false, mobileEmulationEnabled=false, chrome={userDataDir=C:\Users\KAPIL~1.MAN\AppData\Local\Temp\scoped_dir6120_22535}, takesHeapSnapshot=true, databaseEnabled=false, handlesAlerts=true, hasTouchScreen=false, version=48.0.2564.116, platform=XP, browserConnectionEnabled=false, nativeEvents=true, acceptSslCerts=true, locationContextEnabled=true, webStorageEnabled=true, browserName=chrome, takesScreenshot=true, javascriptEnabled=true, cssSelectorsEnabled=true}]
Session ID: c173e433551f6ce5d45480c9fd36023e
	at sun.reflect.NativeConstructorAccessorImpl.newInstance0(Native Method)
	at sun.reflect.NativeConstructorAccessorImpl.newInstance(Unknown Source)
	at sun.reflect.DelegatingConstructorAccessorImpl.newInstance(Unknown Source)
	at java.lang.reflect.Constructor.newInstance(Unknown Source)
	at org.openqa.selenium.remote.ErrorHandler.createThrowable(ErrorHandler.java:206)
	at org.openqa.selenium.remote.ErrorHandler.throwIfResponseFailed(ErrorHandler.java:158)
	at org.openqa.selenium.remote.RemoteWebDriver.execute(RemoteWebDriver.java:647)
	at org.openqa.selenium.remote.RemoteWebElement.execute(RemoteWebElement.java:326)
	at org.openqa.selenium.remote.RemoteWebElement.click(RemoteWebElement.java:84)
	at com.yash.bartersuite.Testcase.Login.Login_TC.Logout(Login_TC.java:99)
	at sun.reflect.NativeMethodAccessorImpl.invoke0(Native Method)
	at sun.reflect.NativeMethodAccessorImpl.invoke(Unknown Source)
	at sun.reflect.DelegatingMethodAccessorImpl.invoke(Unknown Source)
	at java.lang.reflect.Method.invoke(Unknown Source)
	at org.testng.internal.MethodInvocationHelper.invokeMethod(MethodInvocationHelper.java:86)
	at org.testng.internal.Invoker.invokeMethod(Invoker.java:643)
	at org.testng.internal.Invoker.invokeTestMethod(Invoker.java:820)
	at org.testng.internal.Invoker.invokeTestMethods(Invoker.java:1128)
	at org.testng.internal.TestMethodWorker.invokeTestMethods(TestMethodWorker.java:129)
	at org.testng.internal.TestMethodWorker.run(TestMethodWorker.java:112)
	at org.testng.TestRunner.privateRun(TestRunner.java:782)
	at org.testng.TestRunner.run(TestRunner.java:632)
	at org.testng.SuiteRunner.runTest(SuiteRunner.java:366)
	at org.testng.SuiteRunner.runSequentially(SuiteRunner.java:361)
	at org.testng.SuiteRunner.privateRun(SuiteRunner.java:319)
	at org.testng.SuiteRunner.run(SuiteRunner.java:268)
	at org.testng.SuiteRunnerWorker.runSuite(SuiteRunnerWorker.java:52)
	at org.testng.SuiteRunnerWorker.run(SuiteRunnerWorker.java:86)
	at org.testng.TestNG.runSuitesSequentially(TestNG.java:1244)
	at org.testng.TestNG.runSuitesLocally(TestNG.java:1169)
	at org.testng.TestNG.run(TestNG.java:1064)
	at com.yash.bartersuite.CustomProperties.XML.XMLRead(XML.java:306)
	at com.yash.bartersuite.CustomProperties.Main.main(Main.java:15)
</pre></div></td>
<td>0</td>
<td>com.yash.bartersuite.Testcase.Login.Login_TC@1649b0e6</td></tr>
</table><p>
<table width='100%' border='1' class='invocation-passed'>
<tr><td colspan='4' align='center'><b>PASSED TESTS</b></td></tr>
<tr><td><b>Test method</b></td>
<td width="30%"><b>Exception</b></td>
<td width="10%"><b>Time (seconds)</b></td>
<td><b>Instance</b></td>
</tr>
<tr>
<td title='com.yash.bartersuite.Testcase.Salesorder.Testcase03_AddSalesOrderCustomer.Add_SalesOrderCustomerValidation()'><b>Add_SalesOrderCustomerValidation</b><br>Test class: com.yash.bartersuite.Testcase.Salesorder.Testcase03_AddSalesOrderCustomer<br/>
<a href="#Output-1406253491" onClick='toggleBox("Output-1406253491", this, "Show output", "Hide output");'>Show output</a>

<a href="#Output-1406253491" onClick="toggleAllBoxes();">Show all outputs</a>
<div class='log' id="Output-1406253491">
<table border=1px; style= width:100%;color=#808080>   <tr> <th width=20%>Step Description</th> <th width=20%>Input Value</th> <th width=20%>Expected Value</th> <th width=20%>Actual Value</th> <th width=20%>Result</th></tr><br/>
<tr id=C_Exception><td width=20%>Exception</td><td width=20%>Not Applicable</td><td width=20%>Not Applicable</td><td width=20%>Exception in Sales Order screen</td><TD BGCOLOR= #A71313 > Fail</tr><br/>
</table><br/>
</div>
</td>
<td></td>
<td>2</td>
<td>com.yash.bartersuite.Testcase.Salesorder.Testcase03_AddSalesOrderCustomer@865dd6</td></tr>
<tr>
<td title='com.yash.bartersuite.Testcase.Login.TestCase_Login_UI_Fields_validation.LoginLanguageValidation()'><b>LoginLanguageValidation</b><br>Test class: com.yash.bartersuite.Testcase.Login.TestCase_Login_UI_Fields_validation<br/>
<a href="#Output-990679445" onClick='toggleBox("Output-990679445", this, "Show output", "Hide output");'>Show output</a>

<a href="#Output-990679445" onClick="toggleAllBoxes();">Show all outputs</a>
<div class='log' id="Output-990679445">
<table border=1px; style= width:100%;color=#808080>   <tr> <th width=20%>Step Description</th> <th width=20%>Input Value</th> <th width=20%>Expected Value</th> <th width=20%>Actual Value</th> <th width=20%>Result</th></tr><br/>
<tr id=LanguageSelection><td width=20%>Language Selection</td><td width=20%>zh</td><td width=20%>Selected language should get apply</td><td width=20%>Language updated</td><TD BGCOLOR= #00ff00 > Pass</tr><br/>
</table><br/>
</div>
</td>
<td></td>
<td>7</td>
<td>com.yash.bartersuite.Testcase.Login.TestCase_Login_UI_Fields_validation@6a6afff2</td></tr>
<tr>
<td title='com.yash.bartersuite.Testcase.Login.TestCase_Login_UI_Fields_validation.LoginPasswordValidation()'><b>LoginPasswordValidation</b><br>Test class: com.yash.bartersuite.Testcase.Login.TestCase_Login_UI_Fields_validation<br/>
<a href="#Output-1393828949" onClick='toggleBox("Output-1393828949", this, "Show output", "Hide output");'>Show output</a>

<a href="#Output-1393828949" onClick="toggleAllBoxes();">Show all outputs</a>
<div class='log' id="Output-1393828949">
<table border=1px; style= width:100%;color=#808080>   <tr> <th width=20%>Step Description</th> <th width=20%>Input Value</th> <th width=20%>Expected Value</th> <th width=20%>Actual Value</th> <th width=20%>Result</th></tr><br/>
<tr id=Username><td width=20%>Enter Blank Psassword</td><td width=20%></td><td width=20%>Field Should accept the String</td><td width=20%>getting Mendatory validation message</td><TD BGCOLOR= #00ff00 > Pass</tr><br/>
</table><br/>
</div>
</td>
<td></td>
<td>7</td>
<td>com.yash.bartersuite.Testcase.Login.TestCase_Login_UI_Fields_validation@6a6afff2</td></tr>
<tr>
<td title='com.yash.bartersuite.Testcase.Login.TestCase_Login_UI_Fields_validation.LoginUsernameValidation()'><b>LoginUsernameValidation</b><br>Test class: com.yash.bartersuite.Testcase.Login.TestCase_Login_UI_Fields_validation<br/>
<a href="#Output-692998280" onClick='toggleBox("Output-692998280", this, "Show output", "Hide output");'>Show output</a>

<a href="#Output-692998280" onClick="toggleAllBoxes();">Show all outputs</a>
<div class='log' id="Output-692998280">
<table border=1px; style= width:100%;color=#808080>   <tr> <th width=20%>Step Description</th> <th width=20%>Input Value</th> <th width=20%>Expected Value</th> <th width=20%>Actual Value</th> <th width=20%>Result</th></tr><br/>
<tr id=Username><td width=20%>Enter Blank Username</td><td width=20%></td><td width=20%>Field should not accept the Blank Value</td><td width=20%>getting Mendatory validation message</td><TD BGCOLOR= #00ff00 > Pass</tr><br/>
</table><br/>
</div>
</td>
<td></td>
<td>9</td>
<td>com.yash.bartersuite.Testcase.Login.TestCase_Login_UI_Fields_validation@6a6afff2</td></tr>
<tr>
<td title='com.yash.bartersuite.Testcase.Login.Login_TC.testLogin()'><b>testLogin</b><br>Test class: com.yash.bartersuite.Testcase.Login.Login_TC<br>Test method: Login with different roles<br>Parameters:            ,             , Invalid Username and Password<br/>
<a href="#Output-443713699" onClick='toggleBox("Output-443713699", this, "Show output", "Hide output");'>Show output</a>

<a href="#Output-443713699" onClick="toggleAllBoxes();">Show all outputs</a>
<div class='log' id="Output-443713699">
<table border=1px; style= width:100%;color=#808080>   <tr> <th width=20%>Step Description</th> <th width=20%>Input Value</th> <th width=20%>Expected Value</th> <th width=20%>Actual Value</th> <th width=20%>Result</th></tr><br/>
<tr id=User_name_enter><td width=20%>Enter Username</td><td width=20%>           </td><td width=20%></td><td width=20%>null</td><TD BGCOLOR= #00ff00 > Pass</tr><br/>
<tr id=Password_enter><td width=20%>Enter Password</td><td width=20%>            </td><td width=20%></td><td width=20%>null</td><TD BGCOLOR= #00ff00 > Pass</tr><br/>
<tr id=Click_Submit><td width=20%>Click on Submit button</td><td width=20%>Invalid Username and Password</td><td width=20%></td><td width=20%>null</td><TD BGCOLOR= #00ff00 > Pass</tr><br/>
</table><br/>
</div>
</td>
<td></td>
<td>13</td>
<td>com.yash.bartersuite.Testcase.Login.Login_TC@1649b0e6</td></tr>
<tr>
<td title='com.yash.bartersuite.Testcase.Login.Login_TC.testLogin()'><b>testLogin</b><br>Test class: com.yash.bartersuite.Testcase.Login.Login_TC<br>Test method: Login with different roles<br>Parameters: demo1@barterag.com, demo, Invalid Username<br/>
<a href="#Output-1765702" onClick='toggleBox("Output-1765702", this, "Show output", "Hide output");'>Show output</a>

<a href="#Output-1765702" onClick="toggleAllBoxes();">Show all outputs</a>
<div class='log' id="Output-1765702">
<table border=1px; style= width:100%;color=#808080>   <tr> <th width=20%>Step Description</th> <th width=20%>Input Value</th> <th width=20%>Expected Value</th> <th width=20%>Actual Value</th> <th width=20%>Result</th></tr><br/>
<tr id=User_name_enter><td width=20%>Enter Username</td><td width=20%>demo1@barterag.com</td><td width=20%></td><td width=20%>null</td><TD BGCOLOR= #A71313 > Fail</tr><br/>
<tr id=Password_enter><td width=20%>Enter Password</td><td width=20%>demo</td><td width=20%></td><td width=20%>null</td><TD BGCOLOR= #A71313 > Fail</tr><br/>
</table><br/>
</div>
</td>
<td></td>
<td>12</td>
<td>com.yash.bartersuite.Testcase.Login.Login_TC@1649b0e6</td></tr>
<tr>
<td title='com.yash.bartersuite.Testcase.Login.Login_TC.testLogin()'><b>testLogin</b><br>Test class: com.yash.bartersuite.Testcase.Login.Login_TC<br>Test method: Login with different roles<br>Parameters: demo@barterag.com, demo1, Invalid Password<br/>
<a href="#Output-702500163" onClick='toggleBox("Output-702500163", this, "Show output", "Hide output");'>Show output</a>

<a href="#Output-702500163" onClick="toggleAllBoxes();">Show all outputs</a>
<div class='log' id="Output-702500163">
<table border=1px; style= width:100%;color=#808080>   <tr> <th width=20%>Step Description</th> <th width=20%>Input Value</th> <th width=20%>Expected Value</th> <th width=20%>Actual Value</th> <th width=20%>Result</th></tr><br/>
<tr id=User_name_enter><td width=20%>Enter Username</td><td width=20%>demo@barterag.com</td><td width=20%></td><td width=20%>null</td><TD BGCOLOR= #A71313 > Fail</tr><br/>
<tr id=Password_enter><td width=20%>Enter Password</td><td width=20%>demo1</td><td width=20%></td><td width=20%>null</td><TD BGCOLOR= #A71313 > Fail</tr><br/>
</table><br/>
</div>
</td>
<td></td>
<td>12</td>
<td>com.yash.bartersuite.Testcase.Login.Login_TC@1649b0e6</td></tr>
<tr>
<td title='com.yash.bartersuite.Testcase.Login.Login_TC.testLogin()'><b>testLogin</b><br>Test class: com.yash.bartersuite.Testcase.Login.Login_TC<br>Test method: Login with different roles<br>Parameters: barterdemo@yash.com, P@ssword0, Login Successfully<br/>
<a href="#Output-2002174925" onClick='toggleBox("Output-2002174925", this, "Show output", "Hide output");'>Show output</a>

<a href="#Output-2002174925" onClick="toggleAllBoxes();">Show all outputs</a>
<div class='log' id="Output-2002174925">
<table border=1px; style= width:100%;color=#808080>   <tr> <th width=20%>Step Description</th> <th width=20%>Input Value</th> <th width=20%>Expected Value</th> <th width=20%>Actual Value</th> <th width=20%>Result</th></tr><br/>
<tr id=User_name_enter><td width=20%>Enter Username</td><td width=20%>barterdemo@yash.com</td><td width=20%></td><td width=20%>null</td><TD BGCOLOR= #A71313 > Fail</tr><br/>
<tr id=Password_enter><td width=20%>Enter Password</td><td width=20%>P@ssword0</td><td width=20%></td><td width=20%>null</td><TD BGCOLOR= #A71313 > Fail</tr><br/>
</table><br/>
</div>
</td>
<td></td>
<td>12</td>
<td>com.yash.bartersuite.Testcase.Login.Login_TC@1649b0e6</td></tr>
</table><p>
</body>
</html>